<?xml version="1.0" encoding="UTF-8"?>
<!-- Generated by org.testng.reporters.JUnitReportReporter -->
<testsuite hostname="DESKTOP-0INDAG6" failures="0" tests="9" name="Helix.Helix.Homepage" time="107.002" errors="0" timestamp="2024-12-10T17:47:10 IST" skipped="0">
  <testcase classname="Helix.Helix.Homepage" name="TC_09" time="2.776"/>
  <system-out/>
  <testcase classname="Helix.Helix.Homepage" name="TC_01" time="0.946"/>
  <system-out/>
  <testcase classname="Helix.Helix.Homepage" name="TC_06" time="0.965"/>
  <system-out/>
  <testcase classname="Helix.Helix.Homepage" name="TC_02" time="2.853"/>
  <system-out/>
  <testcase classname="Helix.Helix.Homepage" name="TC_03" time="30.156"/>
  <system-out/>
  <testcase classname="Helix.Helix.Homepage" name="TC_07" time="38.297"/>
  <system-out/>
  <testcase classname="Helix.Helix.Homepage" name="TC_08" time="1.579"/>
  <system-out/>
  <testcase classname="Helix.Helix.Homepage" name="TC_05" time="0.997"/>
  <system-out/>
  <testcase classname="Helix.Helix.Homepage" name="TC_04" time="28.433"/>
  <system-out/>
</testsuite> <!-- Helix.Helix.Homepage -->
